Unity Player [version: Unity 4.3.4f1_e444f76e01cd]

Unknown caused an Access Violation (0xc0000005)
  in module Unknown at 0023:01019b6a.

Error occurred at 2018-03-20_125628.
Unknown, run by Unknown.
21% memory in use.
0 MB physical memory [0 MB free].
0 MB paging file [0 MB free].
0 MB user address space [9 MB free].
Read from location 00000014 caused an access violation.

Context:
EDI:    0x00000000  ESI: 0x00000000  EAX:   0xfffff800
EBX:    0x00000005  ECX: 0x0000000b  EDX:   0x00000000
EIP:    0x01019b6a  EBP: 0x0187eb68  SegCs: 0x00000023
EFlags: 0x00010287  ESP: 0x0187eb58  SegSs: 0x0000002b

Bytes at CS:EIP:
8b 04 9f 23 45 f8 8b d6 75 25 83 c8 ff 8d 4e 01 

Stack:
0x0187eb58: 0000002c 015f08f0 fffff800 00000000 ,....._.........
0x0187eb68: 0187eb7c 01019e00 036ab72c 015f08f0 |.......,.j..._.
0x0187eb78: 00000800 0187eba8 00c14000 00000000 .........@......
0x0187eb88: 0000002b 015f08f0 015f09b0 00000008 +....._..._.....
0x0187eb98: 036ae7cc 00000000 015f091c 0000002b ..j......._.+...
0x0187eba8: 0187ebc0 00c14f08 00000008 00000020 .....O...... ...
0x0187ebb8: 015efed0 00000020 0187ebdc 00c12e1d ..^. ...........
0x0187ebc8: 00000008 00000020 00000005 00000008 .... ...........
0x0187ebd8: fab2c9cc 0187ebfc 00c1315a 00000008 ........Z1......
0x0187ebe8: 00000020 0000000d 00000000 0142e02c  ...........,.B.
0x0187ebf8: 00000187 0187ec2c 00d4a2df 00000008 ....,...........
0x0187ec08: 00000020 0000000d 00000000 0142e02c  ...........,.B.
0x0187ec18: 00000187 00000004 00000004 00000023 ............#...
0x0187ec28: 00000001 0187ec50 00d4d7bf 00000023 ....P.......#...
0x0187ec38: 0000000d 00000001 04cce5e8 00000000 ................
0x0187ec48: fab2c9cc fab2c9cc 0187ec78 00eee733 ........x...3...
0x0187ec58: 00000001 00000001 00000005 00000001 ................
0x0187ec68: 00000001 00000000 04616e40 00000001 ........@na.....
0x0187ec78: 0187ecc8 04cdd7dd 7287ea60 00000001 ........`..r....
0x0187ec88: 00000001 00000005 00000001 00000000 ................
0x0187ec98: 00000000 04cce5e8 0187ecc8 04750940 ............@.u.
0x0187eca8: 047508e8 00000001 04cdd7b1 04cce5e8 ..u.............
0x0187ecb8: 04616e40 00000001 0187ecc8 04cdd7a4 @na.............
0x0187ecc8: 0187ecf8 04cdd78f 7287ea60 00000001 ........`..r....
0x0187ecd8: 00000001 00000005 00000001 00000000 ................
0x0187ece8: 00000000 00000001 0187ecf8 04cc1364 ............d...
0x0187ecf8: 0187ed48 04cdd68e 7287ea60 00000001 H.......`..r....
0x0187ed08: 00000001 04ce2e4c 437f0000 04616e40 ....L......C@na.
0x0187ed18: 7287ea60 04cd8666 0187ed48 3f800000 `..rf...H......?
0x0187ed28: 3f800000 3f800000 3f800000 3f800000 ...?...?...?...?
0x0187ed38: 04616e40 00000001 0ddb4348 0ddb4348 @na.....HC..HC..
0x0187ed48: 0187f2a8 04ce1d05 437a0000 43aa0000 ..........zC...C
0x0187ed58: 43820000 42480000 3f800000 3f800000 ...C..HB...?...?
0x0187ed68: 3f800000 3f800000 3f800000 00000019 ...?...?...?....
0x0187ed78: 725676c0 44338000 00000000 00000000 .vVr..3D........
0x0187ed88: 00000000 00000000 00000000 00000000 ................
0x0187ed98: 00000000 00000000 00000000 40340000 ..............4@
0x0187eda8: 00000400 00000300 00000000 40900000 ...............@
0x0187edb8: 00000000 00000000 00000000 00000000 ................
0x0187edc8: 00000000 40490000 00000000 40340000 ......I@......4@
0x0187edd8: 40c332bc 04608fd8 00000000 40568000 .2.@..`.......V@
0x0187ede8: 00000000 40340000 3f5db3d7 04608fd8 ......4@..]?..`.
0x0187edf8: 00000000 40690000 00000000 40340000 ......i@......4@
0x0187ee08: 40bbb67b 04608fd8 00000000 40718000 {..@..`.......q@
0x0187ee18: 00000000 40590000 00000000 04608fd8 ......Y@......`.
0x0187ee28: 00000000 40754000 00000000 40590000 .....@u@......Y@
0x0187ee38: 40c332bc 04608fd8 00000000 4067c000 .2.@..`.......g@
0x0187ee48: 40c332bc 04608fd8 00000000 4067c000 .2.@..`.......g@
0x0187ee58: 04608fd8 725676c0 725676c0 725676c0 ..`..vVr.vVr.vVr
0x0187ee68: 725676c0 04608fd8 731bb990 00000000 .vVr..`....s....
0x0187ee78: 00000000 44800000 44400000 41a00000 .......D..@D...A
0x0187ee88: 42480000 44000000 42200000 41a00000 ..HB...D.. B...A
0x0187ee98: 42b40000 44000000 428c0000 41a00000 ...B...D...B...A
0x0187eea8: 43480000 44000000 42480000 42c80000 ..HC...D..HB...B
0x0187eeb8: 438c0000 44000000 42480000 42c80000 ...C...D..HB...B
0x0187eec8: 43aa0000 44000000 42480000 433e0000 ...C...D..HB..>C
0x0187eed8: 442d4000 43480000 41f00000 433e0000 .@-D..HC...A..>C
0x0187eee8: 44338000 43af0000 41f00000 437a0000 ..3D...C...A..zC
0x0187eef8: 43898000 43820000 42480000 437f0000 ...C...C..HB...C
0x0187ef08: 43910000 43820000 42200000 437a0000 ...C...C.. B..zC
0x0187ef18: 43aa0000 43820000 42480000 43820000 ...C...C..HB...C
0x0187ef28: 43b18000 43820000 42200000 445a8000 ...C...C.. B..ZD
0x0187ef38: 00000000 43160000 42700000 43b40000 .......C..pB...C
0x0187ef48: 43cd0000 43160000 42700000 41a00000 ...C...C..pB...A
0x0187ef58: 442c0000 43160000 42700000 00000000 ..,D...C..pB....
0x0187ef68: 00000000 00000000 00000000 00000000 ................
0x0187ef78: 00000000 00000000 00000000 00000000 ................
0x0187ef88: 00000000 00000000 3f800000 3f800000 ...........?...?
0x0187ef98: 3f800000 3f800000 3fa646e1 00000000 ...?...?.F.?....
0x0187efa8: 00000000 44800000 44400000 41a00000 .......D..@D...A
0x0187efb8: 42480000 44000000 42200000 3f800000 ..HB...D.. B...?
0x0187efc8: 3f800000 3f800000 3f800000 41a00000 ...?...?...?...A
0x0187efd8: 42b40000 44000000 428c0000 3f800000 ...B...D...B...?
0x0187efe8: 3f800000 3f800000 3f800000 41a00000 ...?...?...?...A
0x0187eff8: 43480000 44000000 42480000 3f800000 ..HC...D..HB...?
0x0187f008: 3f800000 3f800000 3f800000 42c80000 ...?...?...?...B
0x0187f018: 438c0000 44000000 42480000 3f800000 ...C...D..HB...?
0x0187f028: 3f800000 3f800000 3f800000 42c80000 ...?...?...?...B
0x0187f038: 43aa0000 44000000 42480000 3f800000 ...C...D..HB...?
0x0187f048: 3f800000 3f800000 3f800000 433e0000 ...?...?...?..>C
0x0187f058: 442d4000 43480000 41f00000 3f800000 .@-D..HC...A...?
0x0187f068: 3f800000 3f800000 3f800000 433e0000 ...?...?...?..>C
0x0187f078: 44338000 43af0000 41f00000 3f800000 ..3D...C...A...?
0x0187f088: 3f800000 3f800000 3f800000 437a0000 ...?...?...?..zC
0x0187f098: 43898000 43820000 42480000 3f800000 ...C...C..HB...?
0x0187f0a8: 3f800000 3f800000 3f800000 437f0000 ...?...?...?...C
0x0187f0b8: 43910000 43820000 42200000 437a0000 ...C...C.. B..zC
0x0187f0c8: 43aa0000 43820000 42480000 3f800000 ...C...C..HB...?
0x0187f0d8: 3f800000 3f800000 3f800000 43820000 ...?...?...?...C
0x0187f0e8: 43b18000 43820000 42200000 445a8000 ...C...C.. B..ZD
0x0187f0f8: 00000000 43160000 3f800000 3f800000 .......C...?...?
0x0187f108: 3f800000 3f800000 3851b717 00000000 ...?...?..Q8....
0x0187f118: 00000000 00000000 3f800000 3f800000 ...........?...?
0x0187f128: 3f800000 3f800000 3b000000 00000000 ...?...?...;....
0x0187f138: 00000000 00000000 00000000 bb2aaaaa ..............*.
0x0187f148: 00000000 00000000 00000000 00000000 ................
0x0187f158: 00000000 00000000 0187f260 00e033af ........`....3..
0x0187f168: 0187f210 0187f1d0 0187f268 00e033af ........h....3..
0x0187f178: 0187f250 0187f1d0 0187f210 0187f1b0 P...............
0x0187f188: 0187f230 0187f1f0 0187f200 0187f1e0 0...............
0x0187f198: 0187f1c0 0187f1a0 bf802000 3f802a9b ......... ...*.?
0x0187f1a8: 3c2237c0 3f800000 3f800000 00000000 .7"<...?...?....
0x0187f1b8: 00000000 00000000 00000000 00000000 ................
0x0187f1c8: bc2237c3 00000000 00000000 bb2aaaaa .7"...........*.
0x0187f1d8: 00000000 00000000 00000000 bb2aaaaa ..............*.
0x0187f1e8: 00000000 00000000 00000000 00000000 ................
0x0187f1f8: 00000000 3f800000 3b000000 00000000 .......?...;....
0x0187f208: 00000000 00000000 00000000 00000000 ................
0x0187f218: bc2237c3 00000000 bf802000 3f800000 .7"...... .....?
0x0187f228: 00000000 0187f238 00f91f98 00000000 ....8...........
0x0187f238: 0187f278 04cdc83f 04600e00 0187f2a4 x...?.....`.....
0x0187f248: 0b106fe8 0187f268 0187f278 04750940 .o..h...x...@.u.
0x0187f258: 047508e8 0dc44250 04cdc821 04cce5e8 ..u.PB..!.......
0x0187f268: 04616e40 0dc44250 0187f278 04cdc814 @na.PB..x.......
0x0187f278: 0187f298 04cdc7fd 04600e00 0187f2a4 ..........`.....
0x0187f288: 00000000 00000000 00000000 3f800000 ...............?
0x0187f298: 0187f2f8 04cdc5bd 04600e00 04616e40 ..........`.@na.
0x0187f2a8: 0187f2f8 04cdc604 04616e40 00002750 ........@na.P'..
0x0187f2b8: 0187f2c8 00ef4167 037c9384 03851ab0 ....gA....|.....
0x0187f2c8: 0187f308 04600e00 00000000 00000000 ......`.........
0x0187f2d8: 00000000 3f800000 0187f308 04750940 .......?....@.u.
0x0187f2e8: 047508e8 0dc2a4f0 0dc44250 0187f5f4 ..u.....PB......
0x0187f2f8: 0187f344 04cce629 04616e40 04cdc45c D...)...@na.\...
0x0187f308: 0187f338 04cdc323 0187f338 0187f32c 8...#...8...,...
0x0187f318: 10001e2e 0dbdaeb0 0dbdaeb0 0dbdaeb0 ................
0x0187f328: 00000000 00000000 10001dd6 04870200 ................
0x0187f338: 0dbdaeb0 0187f344 0187f348 0187f374 ....D...H...t...
0x0187f348: 100efede 04616e40 0187f3fc 0187f5f4 ....@na.........
0x0187f358: 04cdc568 00010000 00002750 0dbdaeb0 h.......P'......
0x0187f368: 00000001 045e4e70 00000000 0187f398 ....pN^.........
0x0187f378: 1005d680 0dbdaeb0 04616e40 0187f3fc ........@na.....
0x0187f388: 0187f5f4 0187f5f4 0b12517c 00002750 ........|Q..P'..
0x0187f398: 0187f3b4 00d349a8 0dbdaeb0 04616e40 .....I......@na.
0x0187f3a8: 0187f3fc 0187f5f4 0187f5d0 0187f46c ............l...
0x0187f3b8: 00dae496 0b12517c 04616e40 0187f3d4 ....|Q..@na.....
0x0187f3c8: 0187f5f4 037c9384 00000001 00000000 ......|.........
0x0187f3d8: 00000000 00000000 00000000 00000000 ................
0x0187f3e8: 00000000 00000000 00000000 00000000 ................
0x0187f3f8: 00000000 00000000 00000000 00000000 ................
0x0187f408: 00000000 00000000 00000000 00000000 ................
0x0187f418: 00000000 00000000 00000000 00000000 ................
0x0187f428: 00000000 00000000 00000000 00000000 ................
0x0187f438: 00000000 00000000 00000000 00000000 ................
0x0187f448: 00000000 00000000 0187f460 00dae26e ........`...n...
0x0187f458: 0187f46c 00000000 0187f470 00dae075 l.......p...u...
0x0187f468: 0187f46c 0187f5f8 00d289eb 0187f5f4 l...............
0x0187f478: 037c9384 037c9201 04ee1fc0 00d662ce ..|...|......b..
0x0187f488: 0187f4a0 037c947c 03851ab0 fabbe038 ....|.|.....8...
0x0187f498: 037c93e4 42e80000 432b0000 41500000 ..|....B..+C..PA
0x0187f4a8: 42e80000 c25c0000 40c00000 0187f588 ...B..\....@....
0x0187f4b8: 00d66317 03851ab0 03851ab0 037c93e4 .c............|.
0x0187f4c8: fabbe038 00000000 00000000 00000000 8...............
0x0187f4d8: 00000000 00000000 00000000 00000000 ................
0x0187f4e8: 00000000 00000000 00000001 00000000 ................
0x0187f4f8: 00000000 00000000 00000000 00000000 ................
0x0187f508: 00000000 00000000 00000000 00000000 ................
0x0187f518: 00000001 0144d428 037ff9bc 00000000 ....(.D.........
0x0187f528: 00000000 00000000 01019e01 00000000 ................
0x0187f538: 00000000 00002750 00000001 00000000 ....P'..........
0x0187f548: 00000000 00000000 00000000 00000000 ................
0x0187f558: 00000000 00000000 0187f538 0187f53c ........8...<...
0x0187f568: 0187f540 00000000 00000000 00000000 @...............
0x0187f578: 00000000 00000000 00000000 00000000 ................
0x0187f588: 00000001 00000001 00000001 00000000 ................
0x0187f598: 00000000 00000000 00000000 00000000 ................
0x0187f5a8: 00000000 00000000 00000003 c61c4000 .............@..
0x0187f5b8: 471c4000 471c4000 461c4000 461c4000 .@.G.@.G.@.F.@.F
0x0187f5c8: 00000000 00000000 0144d470 0b12517c ........p.D.|Q..
0x0187f5d8: 04616e40 00000000 00000000 471c4000 @na..........@.G
0x0187f5e8: 00000000 04616e40 0b12517c 00000000 ....@na.|Q......
0x0187f5f8: 0187f608 00d64a28 00000001 00000000 ....(J..........
0x0187f608: 0187f678 00d65954 0b12b8cc 00000001 x...TY..........
0x0187f618: 00000000 00000165 037c9294 00000000 ....e.....|.....
0x0187f628: 00000001 0b12b8cc 00d64a10 00d64a30 .........J..0J..
0x0187f638: fabbe02c fabbe038 fabbe038 00000000 ,...8...8.......
0x0187f648: 00000000 0b12b8cc 00d64a10 00d64a30 .........J..0J..
0x0187f658: 00000000 00000007 00000000 00000001 ................
0x0187f668: 00000001 037c9294 037c9384 00010165 ......|...|.e...
0x0187f678: 0187f6b8 00d65bca 0087f68c 037c92c4 .....[........|.
0x0187f688: 4a4d14d6 00000007 42e80000 41980000 ..MJ.......B...A
0x0187f698: c25c0000 40c00000 00000000 00000000 ..\....@........
0x0187f6a8: 3f800000 00000001 00000000 00000000 ...?............
0x0187f6b8: 0187f774 00d98932 00000000 00000000 t...2...........
0x0187f6c8: 753aa310 0144d428 037ffdf8 00000000 ..:u(.D.........
0x0187f6d8: 00000000 00000000 00000201 00000000 ................
0x0187f6e8: 00000000 00000001 00000000 00000000 ................
0x0187f6f8: 00000000 00000000 00000000 00000000 ................
0x0187f708: 00000000 00000000 0187f6e8 0187f6ec ................
0x0187f718: 00000000 00000000 00000000 00000000 ................
0x0187f728: 00000000 00000000 00000000 00000000 ................
0x0187f738: 00000001 00000001 00000000 00000000 ................
0x0187f748: 00000000 00000000 00000000 00000000 ................
0x0187f758: 00000000 00000000 00000002 00000001 ................
0x0187f768: 3f800000 04f34e10 0100f780 0187f7b0 ...?.N..........
0x0187f778: 00df06eb 00000000 00000001 00000000 ................
0x0187f788: 00000010 00000001 00010382 00000112 ................
0x0187f798: 0000f140 00000000 19575c86 0000027f @........\W.....
0x0187f7a8: 000000e6 00000738 0187f8c8 00df1efb ....8...........
0x0187f7b8: 010704e3 00000000 00a59000 037c28e0 .............(|.
0x0187f7c8: 036a20e8 0154ebd8 7fffffff 00000027 . j...T.....'...
0x0187f7d8: 0000002f 036a20e8 037c3000 0000000f /.... j..0|.....
0x0187f7e8: 0000000f 7fffffff 00000000 0000000f ................
0x0187f7f8: 036a1798 6f6e6f00 6374652f 0187f800 ..j..ono/etc....
0x0187f808: 01085829 00000000 0000000f 0000000f )X..............
0x0187f818: 037c3060 037c3098 037c3098 77a79c97 `0|..0|..0|....w
0x0187f828: 037c2894 00000400 00000000 00000000 .(|.............
0x0187f838: 00000036 0000003f 036a0000 036bd73c 6...?.....j.<.k.
0x0187f848: 037c2978 00000004 0187f788 77a9e706 x)|............w
0x0187f858: 00000045 0000004f 49656e69 037c3100 E...O...ineI.1|.
0x0187f868: 00000000 77a59319 0142de2c 00000000 .......w,.B.....
0x0187f878: 0000000f 0187f8ac 00000000 616e614d ............Mana
0x0187f888: 00646567 01073963 00000000 00000007 ged.c9..........
0x0187f898: 0000000f 01073970 036bd73c 6f6e6f4d ....p9..<.k.Mono
0x0187f8a8: 6e6f6d2f 6c642e6f 0100006c 0000000d /mono.dll.......
0x0187f8b8: 0000000f 036a1798 00000000 00000000 ......j.........
0x0187f8c8: 0187f8e0 0103eb28 00c10000 00000000 ....(...........
0x0187f8d8: 01bc37d8 00000001 0187f970 01070490 .7......p.......
0x0187f8e8: 00c10000 00000000 01bc37d8 00000001 .........7......
0x0187f8f8: 326a31cf 010704e3 010704e3 00a59000 .1j2............
0x0187f908: 00000044 01bc1ee6 01bc1ec6 01bc1e5a D...........Z...
0x0187f918: 00000000 00000000 00000000 00000000 ................
0x0187f928: 00000000 00000000 00000000 00000401 ................
0x0187f938: 00000001 00000000 00000000 00010001 ................
0x0187f948: 00000000 c0000005 010704e3 00000000 ................
0x0187f958: 0187f8f8 0187e50c 0187f9bc 01071c60 ............`...
0x0187f968: 32b6540f 00000000 0187f984 753a62c4 .T.2.........b:u
0x0187f978: 00a59000 753a62a0 4efaf928 0187f9cc .....b:u(..N....
0x0187f988: 77a90f79 00a59000 b84553bf 00000000 y..w.....SE.....
0x0187f998: 00000000 00a59000 c0000005 00000000 ................
0x0187f9a8: 0187e4ec 74d7d320 b84553bf 0187f990 .... ..t.SE.....
0x0187f9b8: 0187e4ec 0187f9d4 77aa6750 ce702d23 ........Pg.w#-p.
0x0187f9c8: 00000000 0187f9dc 77a90f44 ffffffff ........D..w....
0x0187f9d8: 77ab2eaa 00000000 00000000 010704e3 ...w............
0x0187f9e8: 00a59000 00000000 00000000 00000000 ................
0x0187f9f8: 00000000 00000000 00000000 00000000 ................
0x0187fa08: 00000000 00000000 00000000 00000000 ................
0x0187fa18: 00000000 00000000 00000000 00000000 ................
0x0187fa28: 00000000 00000000 00000000 00000000 ................
0x0187fa38: 00000000 00000000 00000000 00000000 ................
0x0187fa48: 00000000 00000000 00000000 00000000 ................
0x0187fa58: 00000000 00000000 00000000 00000000 ................
0x0187fa68: 00000000 00000000 00000000 00000000 ................
0x0187fa78: 00000000 00000000 00000000 00000000 ................
0x0187fa88: 00000000 00000000 00000000 00000000 ................
0x0187fa98: 00000000 00000000 00000000 00000000 ................
0x0187faa8: 00000000 00000000 00000000 00000000 ................
0x0187fab8: 00000000 00000000 00000000 00000000 ................
0x0187fac8: 00000000 00000000 00000000 00000000 ................
0x0187fad8: 00000000 00000000 00000000 00000000 ................
0x0187fae8: 00000000 00000000 00000000 00000000 ................
0x0187faf8: 00000000 00000000 00000000 00000000 ................
0x0187fb08: 00000000 00000000 00000000 00000000 ................
0x0187fb18: 00000000 00000000 00000000 00000000 ................
0x0187fb28: 00000000 00000000 00000000 00000000 ................
0x0187fb38: 00000000 00000000 00000000 00000000 ................
0x0187fb48: 00000000 00000000 00000000 00000000 ................
0x0187fb58: 00000000 00000000 00000000 00000000 ................
0x0187fb68: 00000000 00000000 00000000 00000000 ................
0x0187fb78: 00000000 00000000 00000000 00000000 ................
0x0187fb88: 00000000 00000000 00000000 00000000 ................
0x0187fb98: 00000000 00000000 00000000 00000000 ................
0x0187fba8: 00000000 00000000 00000000 00000000 ................
0x0187fbb8: 00000000 00000000 00000000 00000000 ................
0x0187fbc8: 00000000 00000000 00000000 00000000 ................
0x0187fbd8: 00000000 00000000 00000000 00000000 ................
0x0187fbe8: 00000000 00000000 00000000 00000000 ................
0x0187fbf8: 00000000 00000000 00000000 00000000 ................
0x0187fc08: 00000000 00000000 00000000 00000000 ................
0x0187fc18: 00000000 00000000 00000000 00000000 ................
0x0187fc28: 00000000 00000000 00000000 00000000 ................
0x0187fc38: 00000000 00000000 00000000 00000000 ................
0x0187fc48: 00000000 00000000 00000000 00000000 ................
0x0187fc58: 00000000 00000000 00000000 00000000 ................
0x0187fc68: 00000000 00000000 00000000 00000000 ................
0x0187fc78: 00000000 00000000 00000000 00000000 ................
0x0187fc88: 00000000 00000000 00000000 00000000 ................
0x0187fc98: 00000000 00000000 00000000 00000000 ................
0x0187fca8: 00000000 00000000 00000000 00000000 ................
0x0187fcb8: 00000000 00000000 00000000 00000000 ................
0x0187fcc8: 00000000 00000000 00000000 00000000 ................
0x0187fcd8: 00000000 00000000 00000000 00000000 ................
0x0187fce8: 00000000 00000000 00000000 00000000 ................
0x0187fcf8: 00000000 00000000 00000000 00000000 ................
0x0187fd08: 00000000 00000000 00000000 00000000 ................
0x0187fd18: 00000000 00000000 00000000 00000000 ................
0x0187fd28: 00000000 00000000 00000000 00000000 ................
0x0187fd38: 00000000 00000000 00000000 00000000 ................
0x0187fd48: 00000000 00000000 00000000 00000000 ................
0x0187fd58: 00000000 00000000 00000000 00000000 ................
0x0187fd68: 00000000 00000000 00000000 00000000 ................
0x0187fd78: 00000000 00000000 00000000 00000000 ................
0x0187fd88: 00000000 00000000 00000000 00000000 ................
0x0187fd98: 00000000 00000000 00000000 00000000 ................
0x0187fda8: 00000000 00000000 00000000 00000000 ................
0x0187fdb8: 00000000 00000000 00000000 00000000 ................
0x0187fdc8: 00000000 00000000 00000000 00000000 ................
0x0187fdd8: 00000000 00000000 00000000 00000000 ................
0x0187fde8: 00000000 00000000 00000000 00000000 ................
0x0187fdf8: 00000000 00000000 00000000 00000000 ................
0x0187fe08: 00000000 00000000 00000000 00000000 ................
0x0187fe18: 00000000 00000000 00000000 00000000 ................
0x0187fe28: 00000000 00000000 00000000 00000000 ................
0x0187fe38: 00000000 00000000 00000000 00000000 ................
0x0187fe48: 00000000 00000000 00000000 00000000 ................
0x0187fe58: 00000000 00000000 00000000 00000000 ................
0x0187fe68: 00000000 00000000 00000000 00000000 ................
0x0187fe78: 00000000 00000000 00000000 00000000 ................
0x0187fe88: 00000000 00000000 00000000 00000000 ................
0x0187fe98: 00000000 00000000 00000000 00000000 ................
0x0187fea8: 00000000 00000000 00000000 00000000 ................
0x0187feb8: 00000000 00000000 00000000 00000000 ................
0x0187fec8: 00000000 00000000 00000000 00000000 ................
0x0187fed8: 00000000 00000000 00000000 00000000 ................
0x0187fee8: 00000000 00000000 00000000 00000000 ................
0x0187fef8: 00000000 00000000 00000000 00000000 ................
0x0187ff08: 00000000 00000000 00000000 00000000 ................
0x0187ff18: 00000000 00000000 00000000 00000000 ................
0x0187ff28: 00000000 00000000 00000000 00000000 ................
0x0187ff38: 00000000 00000000 00000000 00000000 ................
0x0187ff48: 00000000 00000000 00000000 00000000 ................
0x0187ff58: 00000000 00000000 00000000 00000000 ................
0x0187ff68: 00000000 00000000 00000000 00000000 ................
0x0187ff78: 00000000 00000000 00000000 00000000 ................
0x0187ff88: 00000000 00000000 00000000 00000000 ................
0x0187ff98: 00000000 00000000 00000000 00000000 ................
0x0187ffa8: 00000000 00000000 00000000 00000000 ................
0x0187ffb8: 00000000 00000000 00000000 00000000 ................
0x0187ffc8: 00000000 00000000 00000000 00000000 ................
0x0187ffd8: 00000000 00000000 00000000 00000000 ................
0x0187ffe8: 00000000 00000000 00000000 00000000 ................
0x0187fff8: 00000000 00000000                   ........

Module 1
C:\Users\henry\Desktop\ProjectSpaceWalk\SpaceWalk.exe
Image Base: 0x00c10000  Image Size: 0x00b65000
File Size:  11288064    File Time:  2014-05-06_165446
Version:
   Company:    
   Product:    
   FileDesc:   
   FileVer:    4.3.4.31067
   ProdVer:    4.3.4.31067

Module 2
C:\Users\henry\Desktop\ProjectSpaceWalk\SpaceWalk_Data\Mono\mono.dll
Image Base: 0x10000000  Image Size: 0x0022e000
File Size:  2100224     File Time:  2014-01-23_172146
Version:
   Company:    
   Product:    
   FileDesc:   
   FileVer:    0.0.0.0
   ProdVer:    0.0.0.0

Module 3
C:\Windows\SYSTEM32\twinapi.appcore.dll
Image Base: 0x65e00000  Image Size: 0x000f1000
File Size:  975744      File Time:  2017-09-07_012138
Version:
   Company:    Microsoft Corporation
   Product:    Microsoft® Windows® Operating System
   FileDesc:   twinapi.appcore
   FileVer:    6.2.14393.1715
   ProdVer:    10.0.14393.1715

Module 4
C:\Windows\SYSTEM32\twinapi.dll
Image Base: 0x65f00000  Image Size: 0x0006c000
File Size:  422400      File Time:  2017-03-04_010126
Version:
   Company:    Microsoft Corporation
   Product:    Microsoft® Windows® Operating System
   FileDesc:   twinapi
   FileVer:    6.2.14393.953
   ProdVer:    10.0.14393.953

Module 5
C:\Windows\System32\OLEACC.dll
Image Base: 0x673d0000  Image Size: 0x00054000
File Size:  325120      File Time:  2017-09-07_005054
Version:
   Company:    Microsoft Corporation
   Product:    Microsoft® Windows® Operating System
   FileDesc:   Active Accessibility Core Component
   FileVer:    7.2.14393.1715
   ProdVer:    10.0.14393.1715

Module 6
C:\Windows\System32\uiautomationcore.dll
Image Base: 0x67430000  Image Size: 0x00152000
File Size:  1357824     File Time:  2016-11-11_021528
Version:
   Company:    Microsoft Corporation
   Product:    Microsoft® Windows® Operating System
   FileDesc:   Microsoft UI Automation Core
   FileVer:    7.2.14393.479
   ProdVer:    10.0.14393.479

Module 7
C:\Windows\WinSxS\x86_microsoft.windows.common-controls_6595b64144ccf1df_6.0.14393.953_none_89c2555adb023171\comctl32.dll
Image Base: 0x67870000  Image Size: 0x0020a000
File Size:  2121568     File Time:  2017-03-04_014648
Version:
   Company:    Microsoft Corporation
   Product:    Microsoft® Windows® Operating System
   FileDesc:   User Experience Controls Library
   FileVer:    6.10.14393.953
   ProdVer:    10.0.14393.953

Module 8
C:\Windows\SYSTEM32\wintypes.dll
Image Base: 0x67a80000  Image Size: 0x000cf000
File Size:  846560      File Time:  2017-09-07_011946
Version:
   Company:    Microsoft Corporation
   Product:    Microsoft® Windows® Operating System
   FileDesc:   Windows Base Types DLL
   FileVer:    6.2.14393.1715
   ProdVer:    10.0.14393.1715

Module 9
C:\Windows\SYSTEM32\AUDIOSES.DLL
Image Base: 0x67b50000  Image Size: 0x0007b000
File Size:  484584      File Time:  2017-03-04_025742
Version:
   Company:    Microsoft Corporation
   Product:    Microsoft® Windows® Operating System
   FileDesc:   Audio Session
   FileVer:    6.2.14393.953
   ProdVer:    10.0.14393.953

Module 10
C:\Windows\SYSTEM32\midimap.dll
Image Base: 0x67c10000  Image Size: 0x00008000
File Size:  18944       File Time:  2016-07-16_064250
Version:
   Company:    Microsoft Corporation
   Product:    Microsoft® Windows® Operating System
   FileDesc:   Microsoft MIDI Mapper
   FileVer:    6.2.14393.0
   ProdVer:    10.0.14393.0

Module 11
C:\Windows\SYSTEM32\msacm32.drv
Image Base: 0x67c20000  Image Size: 0x0000a000
File Size:  24576       File Time:  2016-07-16_064250
Version:
   Company:    Microsoft Corporation
   Product:    Microsoft® Windows® Operating System
   FileDesc:   Microsoft Sound Mapper
   FileVer:    6.2.14393.0
   ProdVer:    10.0.14393.0

Module 12
C:\Windows\SYSTEM32\ksuser.dll
Image Base: 0x67c30000  Image Size: 0x00007000
File Size:  20672       File Time:  2016-07-16_064250
Version:
   Company:    Microsoft Corporation
   Product:    Microsoft® Windows® Operating System
   FileDesc:   User CSA Library
   FileVer:    6.2.14393.0
   ProdVer:    10.0.14393.0

Module 13
C:\Windows\SYSTEM32\wdmaud.drv
Image Base: 0x67c40000  Image Size: 0x00039000
File Size:  207360      File Time:  2016-07-16_064250
Version:
   Company:    Microsoft Corporation
   Product:    Microsoft® Windows® Operating System
   FileDesc:   Winmm  audio system driver
   FileVer:    6.2.14393.0
   ProdVer:    10.0.14393.0

Module 14
C:\Windows\SYSTEM32\PROPSYS.dll
Image Base: 0x67c80000  Image Size: 0x0014f000
File Size:  1375456     File Time:  2016-07-16_064256
Version:
   Company:    Microsoft Corporation
   Product:    Windows® Search
   FileDesc:   Microsoft Property System
   FileVer:    7.0.14393.0
   ProdVer:    7.0.14393.0

Module 15
C:\Windows\SYSTEM32\AVRT.dll
Image Base: 0x67e60000  Image Size: 0x00009000
File Size:  29448       File Time:  2016-07-16_064250
Version:
   Company:    Microsoft Corporation
   Product:    Microsoft® Windows® Operating System
   FileDesc:   Multimedia Realtime Runtime
   FileVer:    6.2.14393.0
   ProdVer:    10.0.14393.0

Module 16
C:\Windows\SYSTEM32\MMDevAPI.DLL
Image Base: 0x67e70000  Image Size: 0x00058000
File Size:  352760      File Time:  2017-04-27_194012
Version:
   Company:    Microsoft Corporation
   Product:    Microsoft® Windows® Operating System
   FileDesc:   MMDevice API
   FileVer:    6.2.14393.1198
   ProdVer:    10.0.14393.1198

Module 17
C:\Program Files (x86)\NVIDIA Corporation\3D Vision\nvSCPAPI.dll
Image Base: 0x67ed0000  Image Size: 0x000c9000
File Size:  754680      File Time:  2017-06-25_205648
Version:
   Company:    NVIDIA Corporation
   Product:    NVIDIA GeForce 3D Vision
   FileDesc:   NVIDIA 3D Vision Control Panel API
   FileVer:    7.17.13.8266
   ProdVer:    7.17.13.8266

Module 18
C:\Windows\SYSTEM32\dxgi.dll
Image Base: 0x67fa0000  Image Size: 0x00083000
File Size:  524776      File Time:  2017-06-21_022826
Version:
   Company:    Microsoft Corporation
   Product:    Microsoft® Windows® Operating System
   FileDesc:   DirectX Graphics Infrastructure
   FileVer:    6.2.14393.1378
   ProdVer:    10.0.14393.1378

Module 19
C:\Windows\system32\nvapi.dll
Image Base: 0x68030000  Image Size: 0x003ad000
File Size:  3625992     File Time:  2017-06-25_224312
Version:
   Company:    NVIDIA Corporation
   Product:    NVIDIA Windows drivers
   FileDesc:   NVIDIA NVAPI Library, Version 382.66 
   FileVer:    22.21.13.8266
   ProdVer:    22.21.13.8266

Module 20
C:\Windows\system32\nvspcap.dll
Image Base: 0x683e0000  Image Size: 0x0016a000
File Size:  1477056     File Time:  2017-05-03_151924
Version:
   Company:    NVIDIA Corporation
   Product:    NVIDIA GeForce Experience
   FileDesc:   NVIDIA Capture Server Proxy
   FileVer:    3.6.0.74
   ProdVer:    3.6.0.74

Module 21
C:\Windows\System32\DriverStore\FileRepository\nvdd.inf_amd64_af2c78c6451cfdea\nvd3dum.dll
Image Base: 0x68550000  Image Size: 0x00d0e000
File Size:  13709096    File Time:  2017-06-25_224312
Version:
   Company:    NVIDIA Corporation
   Product:    NVIDIA Windows WDDM D3D driver
   FileDesc:   NVIDIA WDDM D3D Driver, Version 382.66 
   FileVer:    22.21.13.8266
   ProdVer:    22.21.13.8266

Module 22
C:\Windows\System32\DriverStore\FileRepository\nvdd.inf_amd64_af2c78c6451cfdea\nvldumd.dll
Image Base: 0x69260000  Image Size: 0x000b9000
File Size:  727632      File Time:  2017-06-25_224312
Version:
   Company:    NVIDIA Corporation
   Product:    NVIDIA driver loader
   FileDesc:   NVIDIA Driver Loader, Version 382.66 
   FileVer:    22.21.13.8266
   ProdVer:    22.21.13.8266

Module 23
C:\Windows\SYSTEM32\d3d9.dll
Image Base: 0x69320000  Image Size: 0x0015f000
File Size:  1425000     File Time:  2016-11-20_202748
Version:
   Company:    Microsoft Corporation
   Product:    Microsoft® Windows® Operating System
   FileDesc:   Direct3D 9 Runtime
   FileVer:    6.2.14393.447
   ProdVer:    10.0.14393.447

Module 24
C:\Windows\SYSTEM32\DCIMAN32.dll
Image Base: 0x69480000  Image Size: 0x00007000
File Size:  11776       File Time:  2016-07-16_064250
Version:
   Company:    Microsoft Corporation
   Product:    Microsoft® Windows® Operating System
   FileDesc:   DCI Manager
   FileVer:    6.2.14393.0
   ProdVer:    10.0.14393.0

Module 25
C:\Windows\SYSTEM32\HID.DLL
Image Base: 0x69490000  Image Size: 0x0000a000
File Size:  25600       File Time:  2016-07-16_064250
Version:
   Company:    Microsoft Corporation
   Product:    Microsoft® Windows® Operating System
   FileDesc:   Hid User Library
   FileVer:    6.2.14393.0
   ProdVer:    10.0.14393.0

Module 26
C:\Windows\SYSTEM32\MSACM32.dll
Image Base: 0x694a0000  Image Size: 0x00018000
File Size:  90912       File Time:  2016-07-16_064250
Version:
   Company:    Microsoft Corporation
   Product:    Microsoft® Windows® Operating System
   FileDesc:   Microsoft ACM Audio Filter
   FileVer:    6.2.14393.0
   ProdVer:    10.0.14393.0

Module 27
C:\Windows\SYSTEM32\DDRAW.dll
Image Base: 0x694c0000  Image Size: 0x000ed000
File Size:  548352      File Time:  2017-03-04_011812
Version:
   Company:    Microsoft Corporation
   Product:    Microsoft® Windows® Operating System
   FileDesc:   Microsoft DirectDraw
   FileVer:    6.2.14393.953
   ProdVer:    10.0.14393.953

Module 28
C:\Windows\SYSTEM32\OPENGL32.dll
Image Base: 0x695b0000  Image Size: 0x000e0000
File Size:  786944      File Time:  2016-07-16_064306
Version:
   Company:    Microsoft Corporation
   Product:    Microsoft® Windows® Operating System
   FileDesc:   OpenGL Client DLL
   FileVer:    6.2.14393.0
   ProdVer:    10.0.14393.0

Module 29
C:\Windows\SYSTEM32\dsound.dll
Image Base: 0x6c520000  Image Size: 0x00089000
File Size:  538112      File Time:  2016-07-16_064250
Version:
   Company:    Microsoft Corporation
   Product:    Microsoft® Windows® Operating System
   FileDesc:   DirectSound
   FileVer:    6.2.14393.0
   ProdVer:    10.0.14393.0

Module 30
C:\Windows\SYSTEM32\DNSAPI.dll
Image Base: 0x6d5d0000  Image Size: 0x0007d000
File Size:  497424      File Time:  2017-09-17_220516
Version:
   Company:    Microsoft Corporation
   Product:    Microsoft® Windows® Operating System
   FileDesc:   DNS Client API DLL
   FileVer:    6.2.14393.1770
   ProdVer:    10.0.14393.1770

Module 31
C:\Windows\SYSTEM32\GLU32.dll
Image Base: 0x72a30000  Image Size: 0x00025000
File Size:  141312      File Time:  2016-07-16_064306
Version:
   Company:    Microsoft Corporation
   Product:    Microsoft® Windows® Operating System
   FileDesc:   OpenGL Utility Library DLL
   FileVer:    6.2.14393.0
   ProdVer:    10.0.14393.0

Module 32
C:\Windows\system32\dwmapi.dll
Image Base: 0x72a70000  Image Size: 0x0001f000
File Size:  113504      File Time:  2016-11-20_202748
Version:
   Company:    Microsoft Corporation
   Product:    Microsoft® Windows® Operating System
   FileDesc:   Microsoft Desktop Window Manager API
   FileVer:    6.2.14393.206
   ProdVer:    10.0.14393.206

Module 33
C:\Windows\system32\uxtheme.dll
Image Base: 0x72b80000  Image Size: 0x00075000
File Size:  457728      File Time:  2016-07-16_064306
Version:
   Company:    Microsoft Corporation
   Product:    Microsoft® Windows® Operating System
   FileDesc:   Microsoft UxTheme Library
   FileVer:    6.2.14393.0
   ProdVer:    10.0.14393.0

Module 34
C:\Program Files (x86)\Common Files\Microsoft Shared\Ink\tiptsf.dll
Image Base: 0x72cf0000  Image Size: 0x0007b000
File Size:  491872      File Time:  2017-09-07_011654
Version:
   Company:    Microsoft Corporation
   Product:    Microsoft® Windows® Operating System
   FileDesc:   Touch Keyboard and Handwriting Panel Text Services Framework
   FileVer:    6.2.14393.1715
   ProdVer:    10.0.14393.1715

Module 35
C:\Windows\SYSTEM32\MSWSOCK.dll
Image Base: 0x735f0000  Image Size: 0x0004e000
File Size:  306016      File Time:  2016-07-16_064256
Version:
   Company:    Microsoft Corporation
   Product:    Microsoft® Windows® Operating System
   FileDesc:   Microsoft Windows Sockets 2.0 Service Provider
   FileVer:    6.2.14393.0
   ProdVer:    10.0.14393.0

Module 36
C:\Windows\system32\rsaenh.dll
Image Base: 0x73b50000  Image Size: 0x0002f000
File Size:  184416      File Time:  2016-07-16_064256
Version:
   Company:    Microsoft Corporation
   Product:    Microsoft® Windows® Operating System
   FileDesc:   Microsoft Enhanced Cryptographic Provider
   FileVer:    6.2.14393.0
   ProdVer:    10.0.14393.0

Module 37
C:\Windows\SYSTEM32\CRYPTSP.dll
Image Base: 0x73b80000  Image Size: 0x00013000
File Size:  68720       File Time:  2016-07-16_064256
Version:
   Company:    Microsoft Corporation
   Product:    Microsoft® Windows® Operating System
   FileDesc:   Cryptographic Service Provider API
   FileVer:    6.2.14393.0
   ProdVer:    10.0.14393.0

Module 38
C:\Windows\SYSTEM32\bcrypt.dll
Image Base: 0x73c90000  Image Size: 0x0001b000
File Size:  106896      File Time:  2016-12-09_050100
Version:
   Company:    Microsoft Corporation
   Product:    Microsoft® Windows® Operating System
   FileDesc:   Windows Cryptographic Primitives Library (Wow64)
   FileVer:    6.2.14393.576
   ProdVer:    10.0.14393.576

Module 39
C:\Windows\SYSTEM32\sxs.dll
Image Base: 0x73d90000  Image Size: 0x00081000
File Size:  524776      File Time:  2016-07-16_064258
Version:
   Company:    Microsoft Corporation
   Product:    Microsoft® Windows® Operating System
   FileDesc:   Fusion 2.5
   FileVer:    6.2.14393.0
   ProdVer:    10.0.14393.0

Module 40
C:\Windows\SYSTEM32\DEVOBJ.dll
Image Base: 0x73e20000  Image Size: 0x00022000
File Size:  132232      File Time:  2016-07-16_064256
Version:
   Company:    Microsoft Corporation
   Product:    Microsoft® Windows® Operating System
   FileDesc:   Device Information Set DLL
   FileVer:    6.2.14393.0
   ProdVer:    10.0.14393.0

Module 41
C:\Windows\SYSTEM32\IPHLPAPI.DLL
Image Base: 0x73e60000  Image Size: 0x0002f000
File Size:  184416      File Time:  2017-03-04_020254
Version:
   Company:    Microsoft Corporation
   Product:    Microsoft® Windows® Operating System
   FileDesc:   IP Helper API
   FileVer:    6.2.14393.953
   ProdVer:    10.0.14393.953

Module 42
C:\Windows\SYSTEM32\WINHTTP.dll
Image Base: 0x73e90000  Image Size: 0x000a0000
File Size:  636928      File Time:  2017-12-31_233924
Version:
   Company:    Microsoft Corporation
   Product:    Microsoft® Windows® Operating System
   FileDesc:   Windows HTTP Services
   FileVer:    6.2.14393.2007
   ProdVer:    10.0.14393.2007

Module 43
C:\Windows\System32\USERENV.dll
Image Base: 0x74080000  Image Size: 0x0001a000
File Size:  94568       File Time:  2016-07-16_064256
Version:
   Company:    Microsoft Corporation
   Product:    Microsoft® Windows® Operating System
   FileDesc:   Userenv
   FileVer:    6.2.14393.0
   ProdVer:    10.0.14393.0

Module 44
C:\Windows\SYSTEM32\WTSAPI32.dll
Image Base: 0x743b0000  Image Size: 0x0000f000
File Size:  53216       File Time:  2016-07-16_064306
Version:
   Company:    Microsoft Corporation
   Product:    Microsoft® Windows® Operating System
   FileDesc:   Windows Remote Desktop Session Host Server SDK APIs
   FileVer:    6.2.14393.0
   ProdVer:    10.0.14393.0

Module 45
C:\Windows\SYSTEM32\VERSION.dll
Image Base: 0x743c0000  Image Size: 0x00008000
File Size:  27360       File Time:  2016-07-16_064306
Version:
   Company:    Microsoft Corporation
   Product:    Microsoft® Windows® Operating System
   FileDesc:   Version Checking and File Installation Libraries
   FileVer:    6.2.14393.0
   ProdVer:    10.0.14393.0

Module 46
C:\Windows\SYSTEM32\WINMMBASE.dll
Image Base: 0x743d0000  Image Size: 0x00023000
File Size:  131208      File Time:  2016-07-16_064250
Version:
   Company:    Microsoft Corporation
   Product:    Microsoft® Windows® Operating System
   FileDesc:   Base Multimedia Extension API DLL
   FileVer:    6.2.14393.0
   ProdVer:    10.0.14393.0

Module 47
C:\Windows\SYSTEM32\WINMM.dll
Image Base: 0x74400000  Image Size: 0x00024000
File Size:  135376      File Time:  2016-07-16_064250
Version:
   Company:    Microsoft Corporation
   Product:    Microsoft® Windows® Operating System
   FileDesc:   MCI API DLL
   FileVer:    6.2.14393.0
   ProdVer:    10.0.14393.0

Module 48
C:\Windows\System32\CRYPTBASE.dll
Image Base: 0x744e0000  Image Size: 0x0000a000
File Size:  31528       File Time:  2016-07-16_064250
Version:
   Company:    Microsoft Corporation
   Product:    Microsoft® Windows® Operating System
   FileDesc:   Base cryptographic API DLL
   FileVer:    6.2.14393.0
   ProdVer:    10.0.14393.0

Module 49
C:\Windows\System32\SspiCli.dll
Image Base: 0x744f0000  Image Size: 0x0001f000
File Size:  117792      File Time:  2017-09-17_214854
Version:
   Company:    Microsoft Corporation
   Product:    Microsoft® Windows® Operating System
   FileDesc:   Security Support Provider Interface
   FileVer:    6.2.14393.1770
   ProdVer:    10.0.14393.1770

Module 50
C:\Windows\System32\combase.dll
Image Base: 0x74510000  Image Size: 0x00211000
File Size:  2168288     File Time:  2017-09-07_011940
Version:
   Company:    Microsoft Corporation
   Product:    Microsoft® Windows® Operating System
   FileDesc:   Microsoft COM for Windows
   FileVer:    6.2.14393.1715
   ProdVer:    10.0.14393.1715

Module 51
C:\Windows\System32\ucrtbase.dll
Image Base: 0x74730000  Image Size: 0x000e0000
File Size:  918304      File Time:  2017-09-17_220428
Version:
   Company:    Microsoft Corporation
   Product:    Microsoft® Windows® Operating System
   FileDesc:   Microsoft® C Runtime Library
   FileVer:    6.2.14393.1770
   ProdVer:    10.0.14393.1770

Module 52
C:\Windows\System32\SETUPAPI.dll
Image Base: 0x74810000  Image Size: 0x0040b000
File Size:  4268368     File Time:  2016-07-16_064246
Version:
   Company:    Microsoft Corporation
   Product:    Microsoft® Windows® Operating System
   FileDesc:   Windows Setup API
   FileVer:    6.2.14393.0
   ProdVer:    10.0.14393.0

Module 53
C:\Windows\System32\KERNELBASE.dll
Image Base: 0x74c20000  Image Size: 0x001a1000
File Size:  1706488     File Time:  2017-09-17_220430
Version:
   Company:    Microsoft Corporation
   Product:    Microsoft® Windows® Operating System
   FileDesc:   Windows NT BASE API Client DLL
   FileVer:    6.2.14393.1770
   ProdVer:    10.0.14393.1770

Module 54
C:\Windows\System32\windows.storage.dll
Image Base: 0x74dd0000  Image Size: 0x0056e000
File Size:  5725896     File Time:  2018-01-01_000612
Version:
   Company:    Microsoft Corporation
   Product:    Microsoft® Windows® Operating System
   FileDesc:   Microsoft WinRT Storage API
   FileVer:    6.2.14393.2007
   ProdVer:    10.0.14393.2007

Module 55
C:\Windows\System32\SHLWAPI.dll
Image Base: 0x75340000  Image Size: 0x00046000
File Size:  284056      File Time:  2016-07-16_064304
Version:
   Company:    Microsoft Corporation
   Product:    Microsoft® Windows® Operating System
   FileDesc:   Shell Light-weight Utility Library
   FileVer:    6.2.14393.0
   ProdVer:    10.0.14393.0

Module 56
C:\Windows\System32\KERNEL32.DLL
Image Base: 0x75390000  Image Size: 0x000e0000
File Size:  616048      File Time:  2017-04-27_195338
Version:
   Company:    Microsoft Corporation
   Product:    Microsoft® Windows® Operating System
   FileDesc:   Windows NT BASE API Client DLL
   FileVer:    6.2.14393.1198
   ProdVer:    10.0.14393.1198

Module 57
C:\Windows\System32\clbcatq.dll
Image Base: 0x75470000  Image Size: 0x00084000
File Size:  528360      File Time:  2016-07-16_064248
Version:
   Company:    Microsoft Corporation
   Product:    Microsoft® Windows® Operating System
   FileDesc:   COM+ Configuration Catalog
   FileVer:    2001.12.10941.16384
   ProdVer:    10.0.14393.0

Module 58
C:\Windows\System32\shcore.dll
Image Base: 0x75500000  Image Size: 0x00088000
File Size:  549088      File Time:  2017-06-21_022722
Version:
   Company:    Microsoft Corporation
   Product:    Microsoft® Windows® Operating System
   FileDesc:   SHCORE
   FileVer:    6.2.14393.1378
   ProdVer:    10.0.14393.1378

Module 59
C:\Windows\System32\PSAPI.DLL
Image Base: 0x75590000  Image Size: 0x00006000
File Size:  17048       File Time:  2016-07-16_064246
Version:
   Company:    Microsoft Corporation
   Product:    Microsoft® Windows® Operating System
   FileDesc:   Process Status Helper
   FileVer:    6.2.14393.0
   ProdVer:    10.0.14393.0

Module 60
C:\Windows\System32\GDI32.dll
Image Base: 0x755a0000  Image Size: 0x0002b000
File Size:  170960      File Time:  2017-06-21_022818
Version:
   Company:    Microsoft Corporation
   Product:    Microsoft® Windows® Operating System
   FileDesc:   GDI Client DLL
   FileVer:    6.2.14393.1378
   ProdVer:    10.0.14393.1378

Module 61
C:\Windows\System32\MSASN1.dll
Image Base: 0x755d0000  Image Size: 0x0000e000
File Size:  49080       File Time:  2016-07-16_064256
Version:
   Company:    Microsoft Corporation
   Product:    Microsoft® Windows® Operating System
   FileDesc:   ASN.1 Runtime APIs
   FileVer:    6.2.14393.0
   ProdVer:    10.0.14393.0

Module 62
C:\Windows\System32\sechost.dll
Image Base: 0x755e0000  Image Size: 0x00041000
File Size:  255168      File Time:  2017-08-08_002514
Version:
   Company:    Microsoft Corporation
   Product:    Microsoft® Windows® Operating System
   FileDesc:   Host for SCM/SDDL/LSA Lookup APIs
   FileVer:    6.2.14393.1613
   ProdVer:    10.0.14393.1613

Module 63
C:\Windows\System32\ADVAPI32.dll
Image Base: 0x75630000  Image Size: 0x00077000
File Size:  482384      File Time:  2018-01-01_000728
Version:
   Company:    Microsoft Corporation
   Product:    Microsoft® Windows® Operating System
   FileDesc:   Advanced Windows 32 Base API
   FileVer:    6.2.14393.2007
   ProdVer:    10.0.14393.2007

Module 64
C:\Windows\System32\WS2_32.dll
Image Base: 0x75750000  Image Size: 0x00063000
File Size:  402352      File Time:  2016-11-20_202802
Version:
   Company:    Microsoft Corporation
   Product:    Microsoft® Windows® Operating System
   FileDesc:   Windows Socket 2.0 32-Bit DLL
   FileVer:    6.2.14393.206
   ProdVer:    10.0.14393.206

Module 65
C:\Windows\System32\NSI.dll
Image Base: 0x757c0000  Image Size: 0x00007000
File Size:  20152       File Time:  2016-07-16_064228
Version:
   Company:    Microsoft Corporation
   Product:    Microsoft® Windows® Operating System
   FileDesc:   NSI User-mode interface DLL
   FileVer:    6.2.14393.0
   ProdVer:    10.0.14393.0

Module 66
C:\Windows\System32\IMM32.dll
Image Base: 0x757d0000  Image Size: 0x00025000
File Size:  144632      File Time:  2016-07-16_064250
Version:
   Company:    Microsoft Corporation
   Product:    Microsoft® Windows® Operating System
   FileDesc:   Multi-User Windows IMM32 API Client DLL
   FileVer:    6.2.14393.0
   ProdVer:    10.0.14393.0

Module 67
C:\Windows\System32\powrprof.dll
Image Base: 0x75800000  Image Size: 0x00045000
File Size:  275832      File Time:  2016-07-16_064256
Version:
   Company:    Microsoft Corporation
   Product:    Microsoft® Windows® Operating System
   FileDesc:   Power Profile Helper DLL
   FileVer:    6.2.14393.0
   ProdVer:    10.0.14393.0

Module 68
C:\Windows\System32\MSCTF.dll
Image Base: 0x758b0000  Image Size: 0x00135000
File Size:  1260784     File Time:  2017-09-17_214944
Version:
   Company:    Microsoft Corporation
   Product:    Microsoft® Windows® Operating System
   FileDesc:   MSCTF Server DLL
   FileVer:    6.2.14393.1770
   ProdVer:    10.0.14393.1770

Module 69
C:\Windows\System32\profapi.dll
Image Base: 0x759f0000  Image Size: 0x0000f000
File Size:  54752       File Time:  2016-07-16_064250
Version:
   Company:    Microsoft Corporation
   Product:    Microsoft® Windows® Operating System
   FileDesc:   User Profile Basic API
   FileVer:    6.2.14393.0
   ProdVer:    10.0.14393.0

Module 70
C:\Windows\System32\msvcp_win.dll
Image Base: 0x75a00000  Image Size: 0x0007b000
File Size:  498408      File Time:  2016-07-16_064256
Version:
   Company:    Microsoft Corporation
   Product:    Microsoft® Windows® Operating System
   FileDesc:   Microsoft® C Runtime Library
   FileVer:    6.2.14393.0
   ProdVer:    10.0.14393.0

Module 71
C:\Windows\System32\USER32.dll
Image Base: 0x75ae0000  Image Size: 0x0015f000
File Size:  1435896     File Time:  2017-09-17_214954
Version:
   Company:    Microsoft Corporation
   Product:    Microsoft® Windows® Operating System
   FileDesc:   Multi-User Windows USER API Client DLL
   FileVer:    6.2.14393.1770
   ProdVer:    10.0.14393.1770

Module 72
C:\Windows\System32\OLEAUT32.dll
Image Base: 0x75dd0000  Image Size: 0x00094000
File Size:  601712      File Time:  2017-06-21_024224
Version:
   Company:    Microsoft Corporation
   Product:    Microsoft® Windows® Operating System
   FileDesc:   OLEAUT32.DLL
   FileVer:    6.2.14393.1378
   ProdVer:    10.0.14393.1378

Module 73
C:\Windows\System32\gdi32full.dll
Image Base: 0x75e80000  Image Size: 0x0015a000
File Size:  1412128     File Time:  2017-09-17_214948
Version:
   Company:    Microsoft Corporation
   Product:    Microsoft® Windows® Operating System
   FileDesc:   GDI Client DLL
   FileVer:    6.2.14393.1770
   ProdVer:    10.0.14393.1770

Module 74
C:\Windows\System32\ole32.dll
Image Base: 0x75fe0000  Image Size: 0x000ec000
File Size:  962760      File Time:  2017-12-31_235426
Version:
   Company:    Microsoft Corporation
   Product:    Microsoft® Windows® Operating System
   FileDesc:   Microsoft OLE for Windows
   FileVer:    6.2.14393.2007
   ProdVer:    10.0.14393.2007

Module 75
C:\Windows\System32\msvcrt.dll
Image Base: 0x760d0000  Image Size: 0x000be000
File Size:  773168      File Time:  2016-07-16_064250
Version:
   Company:    Microsoft Corporation
   Product:    Microsoft® Windows® Operating System
   FileDesc:   Windows NT CRT DLL
   FileVer:    7.0.14393.0
   ProdVer:    10.0.14393.0

Module 76
C:\Windows\System32\bcryptPrimitives.dll
Image Base: 0x76190000  Image Size: 0x0005a000
File Size:  367208      File Time:  2017-09-07_012038
Version:
   Company:    Microsoft Corporation
   Product:    Microsoft® Windows® Operating System
   FileDesc:   Windows Cryptographic Primitives Library
   FileVer:    6.2.14393.1715
   ProdVer:    10.0.14393.1715

Module 77
C:\Windows\System32\cfgmgr32.dll
Image Base: 0x761f0000  Image Size: 0x00036000
File Size:  213848      File Time:  2016-07-16_064256
Version:
   Company:    Microsoft Corporation
   Product:    Microsoft® Windows® Operating System
   FileDesc:   Configuration Manager DLL
   FileVer:    6.2.14393.0
   ProdVer:    10.0.14393.0

Module 78
C:\Windows\System32\kernel.appcore.dll
Image Base: 0x76320000  Image Size: 0x0000d000
File Size:  43416       File Time:  2016-07-16_064256
Version:
   Company:    Microsoft Corporation
   Product:    Microsoft® Windows® Operating System
   FileDesc:   AppModel API Host
   FileVer:    6.2.14393.0
   ProdVer:    10.0.14393.0

Module 79
C:\Windows\System32\crypt32.dll
Image Base: 0x76330000  Image Size: 0x0017d000
File Size:  1557224     File Time:  2017-04-27_194350
Version:
   Company:    Microsoft Corporation
   Product:    Microsoft® Windows® Operating System
   FileDesc:   Crypto API32
   FileVer:    6.2.14393.1198
   ProdVer:    10.0.14393.1198

Module 80
C:\Windows\System32\win32u.dll
Image Base: 0x764b0000  Image Size: 0x00015000
File Size:  79536       File Time:  2016-11-20_202750
Version:
   Company:    Microsoft Corporation
   Product:    Microsoft® Windows® Operating System
   FileDesc:   Win32u
   FileVer:    6.2.14393.51
   ProdVer:    10.0.14393.51

Module 81
C:\Windows\System32\SHELL32.dll
Image Base: 0x76520000  Image Size: 0x013d8000
File Size:  20968856    File Time:  2018-01-01_000356
Version:
   Company:    Microsoft Corporation
   Product:    Microsoft® Windows® Operating System
   FileDesc:   Windows Shell Common Dll
   FileVer:    6.2.14393.2007
   ProdVer:    10.0.14393.2007

Module 82
C:\Windows\System32\RPCRT4.dll
Image Base: 0x77960000  Image Size: 0x000c1000
File Size:  791264      File Time:  2018-01-01_000814
Version:
   Company:    Microsoft Corporation
   Product:    Microsoft® Windows® Operating System
   FileDesc:   Remote Procedure Call Runtime
   FileVer:    6.2.14393.2007
   ProdVer:    10.0.14393.2007

Module 83
C:\Windows\SYSTEM32\ntdll.dll
Image Base: 0x77a30000  Image Size: 0x00183000
File Size:  1573792     File Time:  2017-09-07_013250
Version:
   Company:    Microsoft Corporation
   Product:    Microsoft® Windows® Operating System
   FileDesc:   NT Layer DLL
   FileVer:    6.2.14393.1715
   ProdVer:    10.0.14393.1715


== [end of error.log] ==
